C:\Users\trama\AppData\Local\Programs\Python\Python310\lib\site-packages\pydantic\_internal\_generate_schema.py:2249: UnsupportedFieldAttributeWarning: The 'alias' attribute with value 'authorization' was provided to the `Field()` function, which has no effect in the context it was used. 'alias' is field-specific metadata, and can only be attached to a model field using `Annotated` metadata or by assignment. This may have happened because an `Annotated` type alias using the `type` statement was used, or if the `Field()` function was attached to a single member of a union type.
  warnings.warn(
Traceback (most recent call last):
  File "D:\J.A.R.A\backend\verify_api.py", line 2, in <module>
    from app.main import app
  File "D:\J.A.R.A\backend\app\main.py", line 4, in <module>
    from app.api.api import api_router
  File "D:\J.A.R.A\backend\app\api\api.py", line 2, in <module>
    from app.api.endpoints import user, resume, jobs as jobs_router, email as email_router, inbox, automation
  File "D:\J.A.R.A\backend\app\api\endpoints\user.py", line 9, in <module>
    def read_user_me(
  File "C:\Users\trama\AppData\Local\Programs\Python\Python310\lib\site-packages\fastapi\routing.py", line 921, in decorator
    self.add_api_route(
  File "C:\Users\trama\AppData\Local\Programs\Python\Python310\lib\site-packages\fastapi\routing.py", line 860, in add_api_route
    route = route_class(
  File "C:\Users\trama\AppData\Local\Programs\Python\Python310\lib\site-packages\fastapi\routing.py", line 490, in __init__
    self.dependant = get_dependant(path=self.path_format, call=self.endpoint)
  File "C:\Users\trama\AppData\Local\Programs\Python\Python310\lib\site-packages\fastapi\dependencies\utils.py", line 269, in get_dependant
    sub_dependant = get_param_sub_dependant(
  File "C:\Users\trama\AppData\Local\Programs\Python\Python310\lib\site-packages\fastapi\dependencies\utils.py", line 112, in get_param_sub_dependant
    return get_sub_dependant(
  File "C:\Users\trama\AppData\Local\Programs\Python\Python310\lib\site-packages\fastapi\dependencies\utils.py", line 148, in get_sub_dependant
    sub_dependant = get_dependant(
  File "C:\Users\trama\AppData\Local\Programs\Python\Python310\lib\site-packages\fastapi\dependencies\utils.py", line 290, in get_dependant
    add_param_to_fields(field=param_field, dependant=dependant)
  File "C:\Users\trama\AppData\Local\Programs\Python\Python310\lib\site-packages\fastapi\dependencies\utils.py", line 470, in add_param_to_fields
    if field_info.in_ == params.ParamTypes.path:
AttributeError: 'FieldInfo' object has no attribute 'in_'
